<?xml version="1.0" encoding="UTF-8"?>
<!-- Generated by org.testng.reporters.JUnitReportReporter -->
<testsuite hostname="DESKTOP-SBL6J7B" failures="0" tests="1" name="com.demoshop.test.RegisterationDP2" time="42.383" errors="0" timestamp="2024-10-13T22:47:45 IST" skipped="0">
  <testcase classname="com.demoshop.test.RegisterationDP2" name="verifyUserIsAbleToMultipleRegisterUsingCorrectCreds" time="42.383"/>
  <system-out/>
</testsuite> <!-- com.demoshop.test.RegisterationDP2 -->
