<?xml version="1.0" encoding="UTF-8"?>
<!-- Generated by org.testng.reporters.JUnitReportReporter -->
<testsuite hostname="DESKTOP-SBL6J7B" failures="0" tests="1" name="com.demoshop.test.SortTest" time="15.725" errors="0" timestamp="2024-10-16T22:33:59 IST" skipped="0">
  <testcase classname="com.demoshop.test.SortTest" name="verifyUserisAbleToSort" time="15.725"/>
  <system-out/>
</testsuite> <!-- com.demoshop.test.SortTest -->
