<?xml version="1.0" encoding="UTF-8"?>
<!-- Generated by org.testng.reporters.JUnitReportReporter -->
<testsuite hostname="DESKTOP-SBL6J7B" failures="0" tests="1" name="com.demoshop.test.SubscriptionTest" time="14.975" errors="0" timestamp="2024-10-08T16:43:28 IST" skipped="0">
  <testcase classname="com.demoshop.test.SubscriptionTest" name="verifyUserIsAbleToSubscribeWithValidEmail" time="14.975"/>
  <system-out/>
</testsuite> <!-- com.demoshop.test.SubscriptionTest -->
