<?xml version="1.0" encoding="UTF-8"?>
<!-- Generated by org.testng.reporters.JUnitReportReporter -->
<testsuite hostname="DESKTOP-SBL6J7B" failures="0" tests="1" name="com.demoshop.test.SearchBoxTest" time="69.652" errors="0" timestamp="2024-10-02T14:03:17 IST" skipped="0">
  <testcase classname="com.demoshop.test.SearchBoxTest" name="loginAndSearchForDiamonds" time="69.652"/>
  <system-out/>
</testsuite> <!-- com.demoshop.test.SearchBoxTest -->
