<?xml version="1.0" encoding="UTF-8"?>
<!-- Generated by org.testng.reporters.JUnitReportReporter -->
<testsuite hostname="DESKTOP-SBL6J7B" failures="0" tests="1" name="com.demoshop.test.SearchTest" time="15.206" errors="0" timestamp="2024-10-08T16:42:59 IST" skipped="0">
  <testcase classname="com.demoshop.test.SearchTest" name="verifyUserIsAbletoSearchDesiredProducts" time="15.206"/>
  <system-out/>
</testsuite> <!-- com.demoshop.test.SearchTest -->
