<?xml version="1.0" encoding="UTF-8"?>
<!-- Generated by org.testng.reporters.JUnitReportReporter -->
<testsuite hostname="DESKTOP-SBL6J7B" failures="0" tests="1" name="com.demoshop.test.RegisterationDP" time="8.114" errors="0" timestamp="2024-10-08T14:28:09 IST" skipped="0">
  <testcase classname="com.demoshop.test.RegisterationDP" name="verifyUserIsAbleToMultipleRegisterUsingCorrectCreds" time="8.114"/>
  <system-out/>
</testsuite> <!-- com.demoshop.test.RegisterationDP -->
