<?xml version="1.0" encoding="UTF-8"?>
<!-- Generated by org.testng.reporters.JUnitReportReporter -->
<testsuite hostname="DESKTOP-SBL6J7B" failures="0" tests="1" name="com.demoshop.test.E2ECheckoutTest" time="41.808" errors="0" timestamp="2024-10-10T11:09:55 IST" skipped="0">
  <testcase classname="com.demoshop.test.E2ECheckoutTest" name="verifyNewUserRegistersAndCheckoutProduct" time="41.808"/>
  <system-out/>
</testsuite> <!-- com.demoshop.test.E2ECheckoutTest -->
