<?xml version="1.0" encoding="UTF-8"?>
<!-- Generated by org.testng.reporters.JUnitReportReporter -->
<testsuite hostname="DESKTOP-SBL6J7B" failures="0" tests="1" name="com.demoshop.test.SearchDiamondTest" time="69.209" errors="0" timestamp="2024-10-02T13:58:31 IST" skipped="0">
  <testcase classname="com.demoshop.test.SearchDiamondTest" name="loginAndSearchForDiamonds" time="69.209"/>
  <system-out/>
</testsuite> <!-- com.demoshop.test.SearchDiamondTest -->
