<?xml version="1.0" encoding="UTF-8"?>
<!-- Generated by org.testng.reporters.JUnitReportReporter -->
<testsuite hostname="DESKTOP-SBL6J7B" failures="0" tests="1" name="com.demoshop.test.SearchTest" time="17.834" errors="0" timestamp="2024-10-13T22:47:45 IST" skipped="0">
  <testcase classname="com.demoshop.test.SearchTest" name="verifyUserIsAbletoSearchDesiredProducts" time="17.834"/>
  <system-out/>
</testsuite> <!-- com.demoshop.test.SearchTest -->
