<?xml version="1.0" encoding="UTF-8"?>
<!-- Generated by org.testng.reporters.JUnitReportReporter -->
<testsuite hostname="DESKTOP-SBL6J7B" failures="0" tests="1" name="com.demoshop.test.RegisterationDP2" time="22.572" errors="0" timestamp="2024-10-10T23:47:49 IST" skipped="0">
  <testcase classname="com.demoshop.test.RegisterationDP2" name="verifyUserIsAbleToMultipleRegisterUsingCorrectCreds" time="22.572"/>
  <system-out/>
</testsuite> <!-- com.demoshop.test.RegisterationDP2 -->
