<?xml version="1.0" encoding="UTF-8"?>
<!-- Generated by org.testng.reporters.JUnitReportReporter -->
<testsuite hostname="DESKTOP-SBL6J7B" failures="0" tests="1" name="com.demoshop.test.RegisterationTest" time="23.270" errors="0" timestamp="2024-10-08T16:42:34 IST" skipped="0">
  <testcase classname="com.demoshop.test.RegisterationTest" name="verifyUserIsAbleToRegisterUsingCorrectCredsFromExcel" time="23.270"/>
  <system-out/>
</testsuite> <!-- com.demoshop.test.RegisterationTest -->
