<?xml version="1.0" encoding="UTF-8"?>
<!-- Generated by org.testng.reporters.JUnitReportReporter -->
<testsuite hostname="DESKTOP-SBL6J7B" failures="0" tests="1" name="com.demoshop.test.RegisterationDP2" time="25.863" errors="0" timestamp="2024-10-16T22:35:52 IST" skipped="0">
  <testcase classname="com.demoshop.test.RegisterationDP2" name="verifyUserIsAbleToMultipleRegisterUsingCorrectCreds" time="25.863"/>
</testsuite> <!-- com.demoshop.test.RegisterationDP2 -->
