<?xml version="1.0" encoding="UTF-8"?>
<!-- Generated by org.testng.reporters.JUnitReportReporter -->
<testsuite hostname="DESKTOP-SBL6J7B" failures="0" tests="1" name="com.demoshop.test.RegisterationDP" time="13.444" errors="0" timestamp="2024-10-11T10:06:25 IST" skipped="0">
  <testcase classname="com.demoshop.test.RegisterationDP" name="verifyUserIsAbleToMultipleRegisterUsingCorrectCreds" time="13.444"/>
</testsuite> <!-- com.demoshop.test.RegisterationDP -->
