<?xml version="1.0" encoding="UTF-8"?>
<!-- Generated by org.testng.reporters.JUnitReportReporter -->
<testsuite hostname="DESKTOP-SBL6J7B" failures="0" tests="1" name="com.demoshop.test.SubscriptionTest" time="9.816" errors="0" timestamp="2024-10-11T10:06:25 IST" skipped="0">
  <testcase classname="com.demoshop.test.SubscriptionTest" name="verifyUserIsAbleToSubscribeWithValidEmail" time="9.816"/>
</testsuite> <!-- com.demoshop.test.SubscriptionTest -->
